  main.cpp
D:\GitClone\OpenGL_API_Practice\openGL_SuperBible\OpenGL_9\EmptyViewer\9-1.cpp(59,17): warning C4244: 'initializing': conversion from 'double' to 'float', possible loss of data
  (compiling source file 'main.cpp')
  
D:\GitClone\OpenGL_API_Practice\openGL_SuperBible\OpenGL_9\EmptyViewer\9-1.cpp(59,29): warning C4244: 'initializing': conversion from 'double' to 'float', possible loss of data
  (compiling source file 'main.cpp')
  
D:\GitClone\OpenGL_API_Practice\openGL_SuperBible\OpenGL_9\EmptyViewer\9-1.cpp(89,58): warning C4244: 'argument': conversion from 'double' to 'float', possible loss of data
  (compiling source file 'main.cpp')
  
D:\GitClone\OpenGL_API_Practice\openGL_SuperBible\OpenGL_9\EmptyViewer\9-1.cpp(153,16): warning C4244: 'initializing': conversion from 'GLfloat' to 'int', possible loss of data
  (compiling source file 'main.cpp')
  
D:\GitClone\OpenGL_API_Practice\openGL_SuperBible\OpenGL_9\EmptyViewer\9-1.cpp(153,46): warning C4244: '+=': conversion from 'GLfloat' to 'int', possible loss of data
  (compiling source file 'main.cpp')
  
D:\GitClone\OpenGL_API_Practice\openGL_SuperBible\OpenGL_9\EmptyViewer\9-1.cpp(154,20): warning C4244: 'initializing': conversion from 'GLfloat' to 'int', possible loss of data
  (compiling source file 'main.cpp')
  
D:\GitClone\OpenGL_API_Practice\openGL_SuperBible\OpenGL_9\EmptyViewer\9-1.cpp(154,50): warning C4244: '+=': conversion from 'GLfloat' to 'int', possible loss of data
  (compiling source file 'main.cpp')
  
D:\GitClone\OpenGL_API_Practice\openGL_SuperBible\OpenGL_9\EmptyViewer\9-1.cpp(158,30): warning C4244: 'argument': conversion from 'int' to 'GLfloat', possible loss of data
  (compiling source file 'main.cpp')
  
D:\GitClone\OpenGL_API_Practice\openGL_SuperBible\OpenGL_9\EmptyViewer\9-1.cpp(158,24): warning C4244: 'argument': conversion from 'int' to 'GLfloat', possible loss of data
  (compiling source file 'main.cpp')
  
D:\GitClone\OpenGL_API_Practice\openGL_SuperBible\OpenGL_9\EmptyViewer\9-1.cpp(159,38): warning C4244: 'argument': conversion from 'int' to 'GLfloat', possible loss of data
  (compiling source file 'main.cpp')
  
D:\GitClone\OpenGL_API_Practice\openGL_SuperBible\OpenGL_9\EmptyViewer\9-1.cpp(161,24): warning C4244: 'argument': conversion from 'int' to 'GLfloat', possible loss of data
  (compiling source file 'main.cpp')
  
D:\GitClone\OpenGL_API_Practice\openGL_SuperBible\OpenGL_9\EmptyViewer\9-1.cpp(353,22): warning C4566: character represented by universal-character-name '\u2013' cannot be represented in the current code page (949)
  (compiling source file 'main.cpp')
  
  EmptyViewer.vcxproj -> D:\GitClone\OpenGL_API_Practice\openGL_SuperBible\OpenGL_9\bin\EmptyViewer.exe
